2024-12-04T20:46:44.312+03:00  INFO 380 --- [WEB-CLIENT] [main] m.d.web.client.WebClientApplication      : Starting WebClientApplication using Java 21.0.3 with PID 380 (G:\Users\Andrey\IdeaProjects\Spring-HW-11\Web-client\target\classes started by Andrey in G:\Users\Andrey\IdeaProjects\Spring-HW-11)
2024-12-04T20:46:44.315+03:00  INFO 380 --- [WEB-CLIENT] [main] m.d.web.client.WebClientApplication      : No active profile set, falling back to 1 default profile: "default"
2024-12-04T20:46:45.200+03:00  INFO 380 --- [WEB-CLIENT] [main] o.s.cloud.context.scope.GenericScope     : BeanFactory id=ca565fd3-30c3-39dc-9743-0ce8163e8123
2024-12-04T20:46:45.431+03:00  INFO 380 --- [WEB-CLIENT] [main] o.s.b.w.embedded.tomcat.TomcatWebServer  : Tomcat initialized with port 8080 (http)
2024-12-04T20:46:45.445+03:00  INFO 380 --- [WEB-CLIENT] [main] o.apache.catalina.core.StandardService   : Starting service [Tomcat]
2024-12-04T20:46:45.445+03:00  INFO 380 --- [WEB-CLIENT] [main] o.apache.catalina.core.StandardEngine    : Starting Servlet engine: [Apache Tomcat/10.1.33]
2024-12-04T20:46:45.499+03:00  INFO 380 --- [WEB-CLIENT] [main] o.a.c.c.C.[Tomcat].[localhost].[/]       : Initializing Spring embedded WebApplicationContext
2024-12-04T20:46:45.500+03:00  INFO 380 --- [WEB-CLIENT] [main] w.s.c.ServletWebServerApplicationContext : Root WebApplicationContext: initialization completed in 1133 ms
2024-12-04T20:46:46.257+03:00  INFO 380 --- [WEB-CLIENT] [main] o.s.b.a.e.web.EndpointLinksResolver      : Exposing 5 endpoints beneath base path '/actuator'
2024-12-04T20:46:46.325+03:00  INFO 380 --- [WEB-CLIENT] [main] o.s.b.w.embedded.tomcat.TomcatWebServer  : Tomcat started on port 8080 (http) with context path '/'
2024-12-04T20:46:46.341+03:00  INFO 380 --- [WEB-CLIENT] [main] m.d.web.client.WebClientApplication      : Started WebClientApplication in 2.542 seconds (process running for 3.229)
2024-12-04T20:46:46.493+03:00  INFO 380 --- [WEB-CLIENT] [RMI TCP Connection(1)-192.168.1.3] o.a.c.c.C.[Tomcat].[localhost].[/]       : Initializing Spring DispatcherServlet 'dispatcherServlet'
2024-12-04T20:46:46.494+03:00  INFO 380 --- [WEB-CLIENT] [RMI TCP Connection(1)-192.168.1.3] o.s.web.servlet.DispatcherServlet        : Initializing Servlet 'dispatcherServlet'
2024-12-04T20:46:46.495+03:00  INFO 380 --- [WEB-CLIENT] [RMI TCP Connection(1)-192.168.1.3] o.s.web.servlet.DispatcherServlet        : Completed initialization in 1 ms
2024-12-04T20:54:28.889+03:00  INFO 380 --- [WEB-CLIENT] [SpringApplicationShutdownHook] o.s.b.w.e.tomcat.GracefulShutdown        : Commencing graceful shutdown. Waiting for active requests to complete
2024-12-04T20:54:28.894+03:00  INFO 380 --- [WEB-CLIENT] [tomcat-shutdown] o.s.b.w.e.tomcat.GracefulShutdown        : Graceful shutdown complete
2024-12-04T20:54:31.611+03:00  INFO 5928 --- [WEB-CLIENT] [main] m.d.web.client.WebClientApplication      : Starting WebClientApplication using Java 21.0.3 with PID 5928 (G:\Users\Andrey\IdeaProjects\Spring-HW-11\Web-client\target\classes started by Andrey in G:\Users\Andrey\IdeaProjects\Spring-HW-11)
2024-12-04T20:54:31.615+03:00  INFO 5928 --- [WEB-CLIENT] [main] m.d.web.client.WebClientApplication      : No active profile set, falling back to 1 default profile: "default"
2024-12-04T20:54:32.650+03:00  INFO 5928 --- [WEB-CLIENT] [main] o.s.cloud.context.scope.GenericScope     : BeanFactory id=ca565fd3-30c3-39dc-9743-0ce8163e8123
2024-12-04T20:54:32.872+03:00  INFO 5928 --- [WEB-CLIENT] [main] o.s.b.w.embedded.tomcat.TomcatWebServer  : Tomcat initialized with port 8080 (http)
2024-12-04T20:54:32.885+03:00  INFO 5928 --- [WEB-CLIENT] [main] o.apache.catalina.core.StandardService   : Starting service [Tomcat]
2024-12-04T20:54:32.885+03:00  INFO 5928 --- [WEB-CLIENT] [main] o.apache.catalina.core.StandardEngine    : Starting Servlet engine: [Apache Tomcat/10.1.33]
2024-12-04T20:54:32.947+03:00  INFO 5928 --- [WEB-CLIENT] [main] o.a.c.c.C.[Tomcat].[localhost].[/]       : Initializing Spring embedded WebApplicationContext
2024-12-04T20:54:32.947+03:00  INFO 5928 --- [WEB-CLIENT] [main] w.s.c.ServletWebServerApplicationContext : Root WebApplicationContext: initialization completed in 1275 ms
2024-12-04T20:54:33.722+03:00  INFO 5928 --- [WEB-CLIENT] [main] o.s.b.a.e.web.EndpointLinksResolver      : Exposing 5 endpoints beneath base path '/actuator'
2024-12-04T20:54:33.796+03:00  INFO 5928 --- [WEB-CLIENT] [main] o.s.b.w.embedded.tomcat.TomcatWebServer  : Tomcat started on port 8080 (http) with context path '/'
2024-12-04T20:54:33.811+03:00  INFO 5928 --- [WEB-CLIENT] [main] m.d.web.client.WebClientApplication      : Started WebClientApplication in 2.772 seconds (process running for 3.606)
2024-12-04T20:54:34.141+03:00  INFO 5928 --- [WEB-CLIENT] [RMI TCP Connection(1)-192.168.1.3] o.a.c.c.C.[Tomcat].[localhost].[/]       : Initializing Spring DispatcherServlet 'dispatcherServlet'
2024-12-04T20:54:34.142+03:00  INFO 5928 --- [WEB-CLIENT] [RMI TCP Connection(1)-192.168.1.3] o.s.web.servlet.DispatcherServlet        : Initializing Servlet 'dispatcherServlet'
2024-12-04T20:54:34.143+03:00  INFO 5928 --- [WEB-CLIENT] [RMI TCP Connection(1)-192.168.1.3] o.s.web.servlet.DispatcherServlet        : Completed initialization in 1 ms
2024-12-04T20:55:23.187+03:00  INFO 5928 --- [WEB-CLIENT] [SpringApplicationShutdownHook] o.s.b.w.e.tomcat.GracefulShutdown        : Commencing graceful shutdown. Waiting for active requests to complete
2024-12-04T20:55:23.191+03:00  INFO 5928 --- [WEB-CLIENT] [tomcat-shutdown] o.s.b.w.e.tomcat.GracefulShutdown        : Graceful shutdown complete
